{"/Users/steveninouye/Projects/algorithms-data-structures/algorithms/jump_game/jump_game.js": {"path":"/Users/steveninouye/Projects/algorithms-data-structures/algorithms/jump_game/jump_game.js","statementMap":{"0":{"start":{"line":22,"column":16},"end":{"line":31,"column":1}},"1":{"start":{"line":23,"column":12},"end":{"line":23,"column":19}},"2":{"start":{"line":25,"column":2},"end":{"line":28,"column":3}},"3":{"start":{"line":25,"column":15},"end":{"line":25,"column":16}},"4":{"start":{"line":26,"column":4},"end":{"line":26,"column":30}},"5":{"start":{"line":26,"column":17},"end":{"line":26,"column":30}},"6":{"start":{"line":27,"column":4},"end":{"line":27,"column":37}},"7":{"start":{"line":30,"column":2},"end":{"line":30,"column":14}},"8":{"start":{"line":33,"column":0},"end":{"line":33,"column":25}}},"fnMap":{"0":{"name":"(anonymous_0)","decl":{"start":{"line":22,"column":16},"end":{"line":22,"column":17}},"loc":{"start":{"line":22,"column":26},"end":{"line":31,"column":1}},"line":22}},"branchMap":{"0":{"loc":{"start":{"line":26,"column":4},"end":{"line":26,"column":30}},"type":"if","locations":[{"start":{"line":26,"column":4},"end":{"line":26,"column":30}},{"start":{"line":26,"column":4},"end":{"line":26,"column":30}}],"line":26}},"s":{"0":1,"1":3,"2":3,"3":3,"4":11,"5":1,"6":10,"7":2,"8":1},"f":{"0":3},"b":{"0":[1,10]},"_coverageSchema":"43e27e138ebf9cfc5966b082cf9a028302ed4184","hash":"22b5dd9f750d10cbdf79d3a44fc9dee70fa87ca3"}
,"/Users/steveninouye/Projects/algorithms-data-structures/algorithms/maximum_subarray/maximum_subarray.js": {"path":"/Users/steveninouye/Projects/algorithms-data-structures/algorithms/maximum_subarray/maximum_subarray.js","statementMap":{"0":{"start":{"line":15,"column":20},"end":{"line":24,"column":1}},"1":{"start":{"line":16,"column":12},"end":{"line":16,"column":19}},"2":{"start":{"line":17,"column":14},"end":{"line":17,"column":15}},"3":{"start":{"line":18,"column":2},"end":{"line":22,"column":3}},"4":{"start":{"line":18,"column":15},"end":{"line":18,"column":16}},"5":{"start":{"line":19,"column":4},"end":{"line":19,"column":21}},"6":{"start":{"line":20,"column":4},"end":{"line":20,"column":33}},"7":{"start":{"line":20,"column":21},"end":{"line":20,"column":33}},"8":{"start":{"line":21,"column":4},"end":{"line":21,"column":29}},"9":{"start":{"line":21,"column":19},"end":{"line":21,"column":29}},"10":{"start":{"line":23,"column":2},"end":{"line":23,"column":13}},"11":{"start":{"line":26,"column":0},"end":{"line":26,"column":29}}},"fnMap":{"0":{"name":"(anonymous_0)","decl":{"start":{"line":15,"column":20},"end":{"line":15,"column":21}},"loc":{"start":{"line":15,"column":30},"end":{"line":24,"column":1}},"line":15}},"branchMap":{"0":{"loc":{"start":{"line":20,"column":4},"end":{"line":20,"column":33}},"type":"if","locations":[{"start":{"line":20,"column":4},"end":{"line":20,"column":33}},{"start":{"line":20,"column":4},"end":{"line":20,"column":33}}],"line":20},"1":{"loc":{"start":{"line":21,"column":4},"end":{"line":21,"column":29}},"type":"if","locations":[{"start":{"line":21,"column":4},"end":{"line":21,"column":29}},{"start":{"line":21,"column":4},"end":{"line":21,"column":29}}],"line":21}},"s":{"0":1,"1":3,"2":3,"3":3,"4":3,"5":12,"6":12,"7":5,"8":12,"9":4,"10":3,"11":1},"f":{"0":3},"b":{"0":[5,7],"1":[4,8]},"_coverageSchema":"43e27e138ebf9cfc5966b082cf9a028302ed4184","hash":"97822086d582100668f13be720d63e027df41dbf"}
,"/Users/steveninouye/Projects/algorithms-data-structures/algorithms/median_of_two_sorted_arrays/median_of_two_sorted_arrays.js": {"path":"/Users/steveninouye/Projects/algorithms-data-structures/algorithms/median_of_two_sorted_arrays/median_of_two_sorted_arrays.js","statementMap":{"0":{"start":{"line":23,"column":31},"end":{"line":84,"column":1}},"1":{"start":{"line":24,"column":13},"end":{"line":24,"column":25}},"2":{"start":{"line":25,"column":13},"end":{"line":25,"column":25}},"3":{"start":{"line":26,"column":20},"end":{"line":26,"column":31}},"4":{"start":{"line":28,"column":4},"end":{"line":28,"column":73}},"5":{"start":{"line":29,"column":2},"end":{"line":83,"column":3}},"6":{"start":{"line":30,"column":15},"end":{"line":30,"column":33}},"7":{"start":{"line":31,"column":14},"end":{"line":31,"column":44}},"8":{"start":{"line":32,"column":4},"end":{"line":36,"column":5}},"9":{"start":{"line":33,"column":6},"end":{"line":33,"column":23}},"10":{"start":{"line":35,"column":6},"end":{"line":35,"column":45}},"11":{"start":{"line":37,"column":9},"end":{"line":83,"column":3}},"12":{"start":{"line":38,"column":14},"end":{"line":38,"column":47}},"13":{"start":{"line":39,"column":4},"end":{"line":41,"column":5}},"14":{"start":{"line":40,"column":6},"end":{"line":40,"column":22}},"15":{"start":{"line":42,"column":4},"end":{"line":50,"column":5}},"16":{"start":{"line":43,"column":6},"end":{"line":43,"column":23}},"17":{"start":{"line":44,"column":11},"end":{"line":50,"column":5}},"18":{"start":{"line":45,"column":6},"end":{"line":45,"column":49}},"19":{"start":{"line":46,"column":11},"end":{"line":50,"column":5}},"20":{"start":{"line":47,"column":6},"end":{"line":47,"column":48}},"21":{"start":{"line":49,"column":6},"end":{"line":49,"column":45}},"22":{"start":{"line":52,"column":16},"end":{"line":52,"column":17}},"23":{"start":{"line":53,"column":14},"end":{"line":53,"column":26}},"24":{"start":{"line":54,"column":19},"end":{"line":54,"column":41}},"25":{"start":{"line":55,"column":18},"end":{"line":55,"column":51}},"26":{"start":{"line":56,"column":14},"end":{"line":59,"column":5}},"27":{"start":{"line":60,"column":14},"end":{"line":63,"column":5}},"28":{"start":{"line":64,"column":4},"end":{"line":77,"column":5}},"29":{"start":{"line":65,"column":6},"end":{"line":69,"column":7}},"30":{"start":{"line":66,"column":8},"end":{"line":66,"column":27}},"31":{"start":{"line":68,"column":8},"end":{"line":68,"column":29}},"32":{"start":{"line":70,"column":6},"end":{"line":70,"column":40}},"33":{"start":{"line":71,"column":6},"end":{"line":71,"column":50}},"34":{"start":{"line":72,"column":6},"end":{"line":72,"column":79}},"35":{"start":{"line":73,"column":6},"end":{"line":76,"column":8}},"36":{"start":{"line":78,"column":4},"end":{"line":82,"column":5}},"37":{"start":{"line":79,"column":6},"end":{"line":79,"column":17}},"38":{"start":{"line":81,"column":6},"end":{"line":81,"column":29}},"39":{"start":{"line":86,"column":19},"end":{"line":86,"column":72}},"40":{"start":{"line":86,"column":35},"end":{"line":86,"column":72}},"41":{"start":{"line":88,"column":19},"end":{"line":89,"column":43}},"42":{"start":{"line":89,"column":2},"end":{"line":89,"column":43}},"43":{"start":{"line":91,"column":0},"end":{"line":91,"column":40}}},"fnMap":{"0":{"name":"(anonymous_0)","decl":{"start":{"line":23,"column":31},"end":{"line":23,"column":32}},"loc":{"start":{"line":23,"column":49},"end":{"line":84,"column":1}},"line":23},"1":{"name":"(anonymous_1)","decl":{"start":{"line":86,"column":19},"end":{"line":86,"column":20}},"loc":{"start":{"line":86,"column":35},"end":{"line":86,"column":72}},"line":86},"2":{"name":"(anonymous_2)","decl":{"start":{"line":88,"column":19},"end":{"line":88,"column":20}},"loc":{"start":{"line":89,"column":2},"end":{"line":89,"column":43}},"line":89}},"branchMap":{"0":{"loc":{"start":{"line":28,"column":4},"end":{"line":28,"column":73}},"type":"cond-expr","locations":[{"start":{"line":28,"column":18},"end":{"line":28,"column":44}},{"start":{"line":28,"column":47},"end":{"line":28,"column":73}}],"line":28},"1":{"loc":{"start":{"line":29,"column":2},"end":{"line":83,"column":3}},"type":"if","locations":[{"start":{"line":29,"column":2},"end":{"line":83,"column":3}},{"start":{"line":29,"column":2},"end":{"line":83,"column":3}}],"line":29},"2":{"loc":{"start":{"line":29,"column":6},"end":{"line":29,"column":30}},"type":"binary-expr","locations":[{"start":{"line":29,"column":6},"end":{"line":29,"column":16}},{"start":{"line":29,"column":20},"end":{"line":29,"column":30}}],"line":29},"3":{"loc":{"start":{"line":32,"column":4},"end":{"line":36,"column":5}},"type":"if","locations":[{"start":{"line":32,"column":4},"end":{"line":36,"column":5}},{"start":{"line":32,"column":4},"end":{"line":36,"column":5}}],"line":32},"4":{"loc":{"start":{"line":37,"column":9},"end":{"line":83,"column":3}},"type":"if","locations":[{"start":{"line":37,"column":9},"end":{"line":83,"column":3}},{"start":{"line":37,"column":9},"end":{"line":83,"column":3}}],"line":37},"5":{"loc":{"start":{"line":37,"column":13},"end":{"line":37,"column":76}},"type":"binary-expr","locations":[{"start":{"line":37,"column":13},"end":{"line":37,"column":43}},{"start":{"line":37,"column":47},"end":{"line":37,"column":76}}],"line":37},"6":{"loc":{"start":{"line":39,"column":4},"end":{"line":41,"column":5}},"type":"if","locations":[{"start":{"line":39,"column":4},"end":{"line":41,"column":5}},{"start":{"line":39,"column":4},"end":{"line":41,"column":5}}],"line":39},"7":{"loc":{"start":{"line":42,"column":4},"end":{"line":50,"column":5}},"type":"if","locations":[{"start":{"line":42,"column":4},"end":{"line":50,"column":5}},{"start":{"line":42,"column":4},"end":{"line":50,"column":5}}],"line":42},"8":{"loc":{"start":{"line":44,"column":11},"end":{"line":50,"column":5}},"type":"if","locations":[{"start":{"line":44,"column":11},"end":{"line":50,"column":5}},{"start":{"line":44,"column":11},"end":{"line":50,"column":5}}],"line":44},"9":{"loc":{"start":{"line":46,"column":11},"end":{"line":50,"column":5}},"type":"if","locations":[{"start":{"line":46,"column":11},"end":{"line":50,"column":5}},{"start":{"line":46,"column":11},"end":{"line":50,"column":5}}],"line":46},"10":{"loc":{"start":{"line":57,"column":6},"end":{"line":57,"column":34}},"type":"binary-expr","locations":[{"start":{"line":57,"column":6},"end":{"line":57,"column":21}},{"start":{"line":57,"column":25},"end":{"line":57,"column":34}}],"line":57},"11":{"loc":{"start":{"line":58,"column":6},"end":{"line":58,"column":32}},"type":"binary-expr","locations":[{"start":{"line":58,"column":6},"end":{"line":58,"column":19}},{"start":{"line":58,"column":23},"end":{"line":58,"column":32}}],"line":58},"12":{"loc":{"start":{"line":61,"column":6},"end":{"line":61,"column":37}},"type":"binary-expr","locations":[{"start":{"line":61,"column":6},"end":{"line":61,"column":25}},{"start":{"line":61,"column":29},"end":{"line":61,"column":37}}],"line":61},"13":{"loc":{"start":{"line":62,"column":6},"end":{"line":62,"column":35}},"type":"binary-expr","locations":[{"start":{"line":62,"column":6},"end":{"line":62,"column":23}},{"start":{"line":62,"column":27},"end":{"line":62,"column":35}}],"line":62},"14":{"loc":{"start":{"line":65,"column":6},"end":{"line":69,"column":7}},"type":"if","locations":[{"start":{"line":65,"column":6},"end":{"line":69,"column":7}},{"start":{"line":65,"column":6},"end":{"line":69,"column":7}}],"line":65},"15":{"loc":{"start":{"line":72,"column":21},"end":{"line":72,"column":49}},"type":"binary-expr","locations":[{"start":{"line":72,"column":21},"end":{"line":72,"column":36}},{"start":{"line":72,"column":40},"end":{"line":72,"column":49}}],"line":72},"16":{"loc":{"start":{"line":72,"column":51},"end":{"line":72,"column":77}},"type":"binary-expr","locations":[{"start":{"line":72,"column":51},"end":{"line":72,"column":64}},{"start":{"line":72,"column":68},"end":{"line":72,"column":77}}],"line":72},"17":{"loc":{"start":{"line":74,"column":8},"end":{"line":74,"column":39}},"type":"binary-expr","locations":[{"start":{"line":74,"column":8},"end":{"line":74,"column":27}},{"start":{"line":74,"column":31},"end":{"line":74,"column":39}}],"line":74},"18":{"loc":{"start":{"line":75,"column":8},"end":{"line":75,"column":37}},"type":"binary-expr","locations":[{"start":{"line":75,"column":8},"end":{"line":75,"column":25}},{"start":{"line":75,"column":29},"end":{"line":75,"column":37}}],"line":75},"19":{"loc":{"start":{"line":78,"column":4},"end":{"line":82,"column":5}},"type":"if","locations":[{"start":{"line":78,"column":4},"end":{"line":82,"column":5}},{"start":{"line":78,"column":4},"end":{"line":82,"column":5}}],"line":78}},"s":{"0":1,"1":9,"2":9,"3":9,"4":9,"5":9,"6":0,"7":0,"8":0,"9":0,"10":0,"11":9,"12":7,"13":7,"14":4,"15":7,"16":3,"17":4,"18":0,"19":4,"20":1,"21":3,"22":2,"23":2,"24":2,"25":2,"26":2,"27":2,"28":2,"29":1,"30":1,"31":0,"32":1,"33":1,"34":1,"35":1,"36":2,"37":0,"38":2,"39":1,"40":3,"41":1,"42":3,"43":1},"f":{"0":9,"1":3,"2":3},"b":{"0":[3,6],"1":[0,9],"2":[9,9],"3":[0,0],"4":[7,2],"5":[9,5],"6":[4,3],"7":[3,4],"8":[0,4],"9":[1,3],"10":[2,0],"11":[2,0],"12":[2,1],"13":[2,0],"14":[1,0],"15":[1,0],"16":[1,0],"17":[1,0],"18":[1,0],"19":[0,2]},"_coverageSchema":"43e27e138ebf9cfc5966b082cf9a028302ed4184","hash":"7e01f3866fb000760744f0411255bc1533a17476"}
,"/Users/steveninouye/Projects/algorithms-data-structures/algorithms/merge_k_sorted_lists/merge_k_sorted_lists.js": {"path":"/Users/steveninouye/Projects/algorithms-data-structures/algorithms/merge_k_sorted_lists/merge_k_sorted_lists.js","statementMap":{"0":{"start":{"line":3,"column":4},"end":{"line":3,"column":19}},"1":{"start":{"line":4,"column":4},"end":{"line":4,"column":21}},"2":{"start":{"line":10,"column":4},"end":{"line":10,"column":20}},"3":{"start":{"line":14,"column":17},"end":{"line":14,"column":30}},"4":{"start":{"line":15,"column":14},"end":{"line":15,"column":30}},"5":{"start":{"line":16,"column":4},"end":{"line":16,"column":24}},"6":{"start":{"line":17,"column":22},"end":{"line":17,"column":39}},"7":{"start":{"line":18,"column":4},"end":{"line":27,"column":5}},"8":{"start":{"line":19,"column":22},"end":{"line":21,"column":8}},"9":{"start":{"line":20,"column":8},"end":{"line":20,"column":35}},"10":{"start":{"line":22,"column":6},"end":{"line":26,"column":7}},"11":{"start":{"line":23,"column":8},"end":{"line":23,"column":14}},"12":{"start":{"line":24,"column":13},"end":{"line":26,"column":7}},"13":{"start":{"line":28,"column":4},"end":{"line":28,"column":18}},"14":{"start":{"line":32,"column":4},"end":{"line":32,"column":25}},"15":{"start":{"line":33,"column":21},"end":{"line":33,"column":42}},"16":{"start":{"line":34,"column":22},"end":{"line":34,"column":48}},"17":{"start":{"line":35,"column":4},"end":{"line":47,"column":5}},"18":{"start":{"line":36,"column":19},"end":{"line":36,"column":42}},"19":{"start":{"line":37,"column":18},"end":{"line":37,"column":40}},"20":{"start":{"line":38,"column":6},"end":{"line":46,"column":7}},"21":{"start":{"line":39,"column":19},"end":{"line":39,"column":24}},"22":{"start":{"line":40,"column":8},"end":{"line":40,"column":23}},"23":{"start":{"line":41,"column":8},"end":{"line":41,"column":22}},"24":{"start":{"line":42,"column":8},"end":{"line":42,"column":33}},"25":{"start":{"line":43,"column":8},"end":{"line":43,"column":49}},"26":{"start":{"line":45,"column":8},"end":{"line":45,"column":27}},"27":{"start":{"line":48,"column":4},"end":{"line":48,"column":16}},"28":{"start":{"line":52,"column":15},"end":{"line":52,"column":32}},"29":{"start":{"line":53,"column":4},"end":{"line":53,"column":50}},"30":{"start":{"line":54,"column":15},"end":{"line":54,"column":32}},"31":{"start":{"line":55,"column":4},"end":{"line":55,"column":50}},"32":{"start":{"line":56,"column":4},"end":{"line":56,"column":41}},"33":{"start":{"line":56,"column":38},"end":{"line":56,"column":39}},"34":{"start":{"line":60,"column":4},"end":{"line":60,"column":36}},"35":{"start":{"line":60,"column":24},"end":{"line":60,"column":36}},"36":{"start":{"line":61,"column":4},"end":{"line":61,"column":42}},"37":{"start":{"line":65,"column":20},"end":{"line":74,"column":1}},"38":{"start":{"line":66,"column":14},"end":{"line":66,"column":38}},"39":{"start":{"line":67,"column":17},"end":{"line":67,"column":32}},"40":{"start":{"line":68,"column":13},"end":{"line":68,"column":19}},"41":{"start":{"line":69,"column":2},"end":{"line":72,"column":3}},"42":{"start":{"line":69,"column":15},"end":{"line":69,"column":16}},"43":{"start":{"line":70,"column":4},"end":{"line":70,"column":37}},"44":{"start":{"line":71,"column":4},"end":{"line":71,"column":21}},"45":{"start":{"line":73,"column":2},"end":{"line":73,"column":16}},"46":{"start":{"line":76,"column":0},"end":{"line":76,"column":52}}},"fnMap":{"0":{"name":"(anonymous_0)","decl":{"start":{"line":2,"column":2},"end":{"line":2,"column":3}},"loc":{"start":{"line":2,"column":19},"end":{"line":5,"column":3}},"line":2},"1":{"name":"(anonymous_1)","decl":{"start":{"line":9,"column":2},"end":{"line":9,"column":3}},"loc":{"start":{"line":9,"column":16},"end":{"line":11,"column":3}},"line":9},"2":{"name":"(anonymous_2)","decl":{"start":{"line":13,"column":2},"end":{"line":13,"column":3}},"loc":{"start":{"line":13,"column":12},"end":{"line":29,"column":3}},"line":13},"3":{"name":"(anonymous_3)","decl":{"start":{"line":19,"column":41},"end":{"line":19,"column":42}},"loc":{"start":{"line":19,"column":48},"end":{"line":21,"column":7}},"line":19},"4":{"name":"(anonymous_4)","decl":{"start":{"line":31,"column":2},"end":{"line":31,"column":3}},"loc":{"start":{"line":31,"column":12},"end":{"line":49,"column":3}},"line":31},"5":{"name":"(anonymous_5)","decl":{"start":{"line":51,"column":2},"end":{"line":51,"column":3}},"loc":{"start":{"line":51,"column":23},"end":{"line":57,"column":3}},"line":51},"6":{"name":"(anonymous_6)","decl":{"start":{"line":56,"column":31},"end":{"line":56,"column":32}},"loc":{"start":{"line":56,"column":38},"end":{"line":56,"column":39}},"line":56},"7":{"name":"(anonymous_7)","decl":{"start":{"line":59,"column":2},"end":{"line":59,"column":3}},"loc":{"start":{"line":59,"column":22},"end":{"line":62,"column":3}},"line":59},"8":{"name":"(anonymous_8)","decl":{"start":{"line":65,"column":20},"end":{"line":65,"column":21}},"loc":{"start":{"line":65,"column":30},"end":{"line":74,"column":1}},"line":65}},"branchMap":{"0":{"loc":{"start":{"line":22,"column":6},"end":{"line":26,"column":7}},"type":"if","locations":[{"start":{"line":22,"column":6},"end":{"line":26,"column":7}},{"start":{"line":22,"column":6},"end":{"line":26,"column":7}}],"line":22},"1":{"loc":{"start":{"line":24,"column":13},"end":{"line":26,"column":7}},"type":"if","locations":[{"start":{"line":24,"column":13},"end":{"line":26,"column":7}},{"start":{"line":24,"column":13},"end":{"line":26,"column":7}}],"line":24},"2":{"loc":{"start":{"line":38,"column":6},"end":{"line":46,"column":7}},"type":"if","locations":[{"start":{"line":38,"column":6},"end":{"line":46,"column":7}},{"start":{"line":38,"column":6},"end":{"line":46,"column":7}}],"line":38},"3":{"loc":{"start":{"line":53,"column":11},"end":{"line":53,"column":49}},"type":"cond-expr","locations":[{"start":{"line":53,"column":38},"end":{"line":53,"column":42}},{"start":{"line":53,"column":45},"end":{"line":53,"column":49}}],"line":53},"4":{"loc":{"start":{"line":55,"column":11},"end":{"line":55,"column":49}},"type":"cond-expr","locations":[{"start":{"line":55,"column":38},"end":{"line":55,"column":42}},{"start":{"line":55,"column":45},"end":{"line":55,"column":49}}],"line":55},"5":{"loc":{"start":{"line":60,"column":4},"end":{"line":60,"column":36}},"type":"if","locations":[{"start":{"line":60,"column":4},"end":{"line":60,"column":36}},{"start":{"line":60,"column":4},"end":{"line":60,"column":36}}],"line":60}},"s":{"0":24,"1":24,"2":8,"3":0,"4":0,"5":0,"6":0,"7":0,"8":0,"9":0,"10":0,"11":0,"12":0,"13":0,"14":0,"15":0,"16":0,"17":0,"18":0,"19":0,"20":0,"21":0,"22":0,"23":0,"24":0,"25":0,"26":0,"27":0,"28":0,"29":0,"30":0,"31":0,"32":0,"33":0,"34":0,"35":0,"36":0,"37":1,"38":1,"39":1,"40":1,"41":1,"42":1,"43":7,"44":7,"45":1,"46":1},"f":{"0":24,"1":8,"2":0,"3":0,"4":0,"5":0,"6":0,"7":0,"8":1},"b":{"0":[0,0],"1":[0,0],"2":[0,0],"3":[0,0],"4":[0,0],"5":[0,0]},"_coverageSchema":"43e27e138ebf9cfc5966b082cf9a028302ed4184","hash":"e0af2da620d8f15dc74bcd54490c483a3bcdacb3"}
,"/Users/steveninouye/Projects/algorithms-data-structures/algorithms/spiral_matrix/spiral_matrix.js": {"path":"/Users/steveninouye/Projects/algorithms-data-structures/algorithms/spiral_matrix/spiral_matrix.js","statementMap":{"0":{"start":{"line":24,"column":20},"end":{"line":57,"column":1}},"1":{"start":{"line":25,"column":2},"end":{"line":25,"column":37}},"2":{"start":{"line":25,"column":27},"end":{"line":25,"column":37}},"3":{"start":{"line":26,"column":17},"end":{"line":26,"column":18}},"4":{"start":{"line":27,"column":13},"end":{"line":27,"column":30}},"5":{"start":{"line":28,"column":15},"end":{"line":28,"column":16}},"6":{"start":{"line":29,"column":13},"end":{"line":29,"column":33}},"7":{"start":{"line":30,"column":15},"end":{"line":30,"column":17}},"8":{"start":{"line":31,"column":2},"end":{"line":55,"column":3}},"9":{"start":{"line":32,"column":4},"end":{"line":34,"column":5}},"10":{"start":{"line":32,"column":19},"end":{"line":32,"column":27}},"11":{"start":{"line":33,"column":6},"end":{"line":33,"column":41}},"12":{"start":{"line":35,"column":4},"end":{"line":35,"column":15}},"13":{"start":{"line":37,"column":4},"end":{"line":39,"column":5}},"14":{"start":{"line":37,"column":19},"end":{"line":37,"column":27}},"15":{"start":{"line":38,"column":6},"end":{"line":38,"column":39}},"16":{"start":{"line":40,"column":4},"end":{"line":40,"column":13}},"17":{"start":{"line":42,"column":4},"end":{"line":46,"column":5}},"18":{"start":{"line":43,"column":6},"end":{"line":45,"column":7}},"19":{"start":{"line":43,"column":21},"end":{"line":43,"column":27}},"20":{"start":{"line":44,"column":8},"end":{"line":44,"column":41}},"21":{"start":{"line":47,"column":4},"end":{"line":47,"column":13}},"22":{"start":{"line":49,"column":4},"end":{"line":53,"column":5}},"23":{"start":{"line":50,"column":6},"end":{"line":52,"column":7}},"24":{"start":{"line":50,"column":21},"end":{"line":50,"column":27}},"25":{"start":{"line":51,"column":8},"end":{"line":51,"column":43}},"26":{"start":{"line":54,"column":4},"end":{"line":54,"column":15}},"27":{"start":{"line":56,"column":2},"end":{"line":56,"column":16}},"28":{"start":{"line":59,"column":0},"end":{"line":59,"column":29}}},"fnMap":{"0":{"name":"(anonymous_0)","decl":{"start":{"line":24,"column":20},"end":{"line":24,"column":21}},"loc":{"start":{"line":24,"column":32},"end":{"line":57,"column":1}},"line":24}},"branchMap":{"0":{"loc":{"start":{"line":25,"column":2},"end":{"line":25,"column":37}},"type":"if","locations":[{"start":{"line":25,"column":2},"end":{"line":25,"column":37}},{"start":{"line":25,"column":2},"end":{"line":25,"column":37}}],"line":25},"1":{"loc":{"start":{"line":31,"column":9},"end":{"line":31,"column":49}},"type":"binary-expr","locations":[{"start":{"line":31,"column":9},"end":{"line":31,"column":27}},{"start":{"line":31,"column":31},"end":{"line":31,"column":49}}],"line":31},"2":{"loc":{"start":{"line":42,"column":4},"end":{"line":46,"column":5}},"type":"if","locations":[{"start":{"line":42,"column":4},"end":{"line":46,"column":5}},{"start":{"line":42,"column":4},"end":{"line":46,"column":5}}],"line":42},"3":{"loc":{"start":{"line":49,"column":4},"end":{"line":53,"column":5}},"type":"if","locations":[{"start":{"line":49,"column":4},"end":{"line":53,"column":5}},{"start":{"line":49,"column":4},"end":{"line":53,"column":5}}],"line":49}},"s":{"0":1,"1":2,"2":0,"3":2,"4":2,"5":2,"6":2,"7":2,"8":2,"9":4,"10":4,"11":10,"12":4,"13":4,"14":4,"15":4,"16":4,"17":4,"18":2,"19":2,"20":5,"21":4,"22":4,"23":3,"24":3,"25":2,"26":4,"27":2,"28":1},"f":{"0":2},"b":{"0":[0,2],"1":[6,4],"2":[2,2],"3":[3,1]},"_coverageSchema":"43e27e138ebf9cfc5966b082cf9a028302ed4184","hash":"770062023a7746f31de98610af4352d1aa8c052c"}
,"/Users/steveninouye/Projects/algorithms-data-structures/algorithms/validate_binary_search_tree/validate_binary_search_tree.js": {"path":"/Users/steveninouye/Projects/algorithms-data-structures/algorithms/validate_binary_search_tree/validate_binary_search_tree.js","statementMap":{"0":{"start":{"line":1,"column":33},"end":{"line":3,"column":1}},"1":{"start":{"line":2,"column":2},"end":{"line":2,"column":50}},"2":{"start":{"line":5,"column":22},"end":{"line":18,"column":1}},"3":{"start":{"line":6,"column":2},"end":{"line":8,"column":3}},"4":{"start":{"line":7,"column":4},"end":{"line":7,"column":16}},"5":{"start":{"line":10,"column":2},"end":{"line":12,"column":3}},"6":{"start":{"line":11,"column":4},"end":{"line":11,"column":17}},"7":{"start":{"line":14,"column":2},"end":{"line":17,"column":4}},"8":{"start":{"line":20,"column":0},"end":{"line":20,"column":42}}},"fnMap":{"0":{"name":"(anonymous_0)","decl":{"start":{"line":1,"column":33},"end":{"line":1,"column":34}},"loc":{"start":{"line":1,"column":43},"end":{"line":3,"column":1}},"line":1},"1":{"name":"(anonymous_1)","decl":{"start":{"line":5,"column":22},"end":{"line":5,"column":23}},"loc":{"start":{"line":5,"column":42},"end":{"line":18,"column":1}},"line":5}},"branchMap":{"0":{"loc":{"start":{"line":6,"column":2},"end":{"line":8,"column":3}},"type":"if","locations":[{"start":{"line":6,"column":2},"end":{"line":8,"column":3}},{"start":{"line":6,"column":2},"end":{"line":8,"column":3}}],"line":6},"1":{"loc":{"start":{"line":10,"column":2},"end":{"line":12,"column":3}},"type":"if","locations":[{"start":{"line":10,"column":2},"end":{"line":12,"column":3}},{"start":{"line":10,"column":2},"end":{"line":12,"column":3}}],"line":10},"2":{"loc":{"start":{"line":10,"column":6},"end":{"line":10,"column":40}},"type":"binary-expr","locations":[{"start":{"line":10,"column":6},"end":{"line":10,"column":21}},{"start":{"line":10,"column":25},"end":{"line":10,"column":40}}],"line":10},"3":{"loc":{"start":{"line":15,"column":4},"end":{"line":16,"column":44}},"type":"binary-expr","locations":[{"start":{"line":15,"column":4},"end":{"line":15,"column":43}},{"start":{"line":16,"column":4},"end":{"line":16,"column":44}}],"line":15}},"s":{"0":1,"1":0,"2":1,"3":0,"4":0,"5":0,"6":0,"7":0,"8":1},"f":{"0":0,"1":0},"b":{"0":[0,0],"1":[0,0],"2":[0,0],"3":[0,0]},"_coverageSchema":"43e27e138ebf9cfc5966b082cf9a028302ed4184","hash":"b190876e934087e92d06b949e79265b48a53ffac"}
,"/Users/steveninouye/Projects/algorithms-data-structures/data_structures/nodes/nodes.js": {"path":"/Users/steveninouye/Projects/algorithms-data-structures/data_structures/nodes/nodes.js","statementMap":{"0":{"start":{"line":3,"column":4},"end":{"line":3,"column":27}},"1":{"start":{"line":9,"column":4},"end":{"line":9,"column":15}},"2":{"start":{"line":10,"column":4},"end":{"line":10,"column":21}},"3":{"start":{"line":16,"column":4},"end":{"line":16,"column":15}},"4":{"start":{"line":17,"column":4},"end":{"line":17,"column":21}},"5":{"start":{"line":21,"column":25},"end":{"line":21,"column":29}},"6":{"start":{"line":22,"column":4},"end":{"line":22,"column":26}},"7":{"start":{"line":23,"column":4},"end":{"line":23,"column":26}},"8":{"start":{"line":24,"column":4},"end":{"line":24,"column":21}},"9":{"start":{"line":25,"column":4},"end":{"line":25,"column":21}},"10":{"start":{"line":26,"column":4},"end":{"line":26,"column":20}},"11":{"start":{"line":32,"column":4},"end":{"line":32,"column":15}},"12":{"start":{"line":33,"column":4},"end":{"line":33,"column":21}},"13":{"start":{"line":34,"column":4},"end":{"line":34,"column":22}}},"fnMap":{"0":{"name":"(anonymous_0)","decl":{"start":{"line":2,"column":2},"end":{"line":2,"column":3}},"loc":{"start":{"line":2,"column":19},"end":{"line":4,"column":3}},"line":2},"1":{"name":"(anonymous_1)","decl":{"start":{"line":8,"column":2},"end":{"line":8,"column":3}},"loc":{"start":{"line":8,"column":19},"end":{"line":11,"column":3}},"line":8},"2":{"name":"(anonymous_2)","decl":{"start":{"line":15,"column":2},"end":{"line":15,"column":3}},"loc":{"start":{"line":15,"column":19},"end":{"line":18,"column":3}},"line":15},"3":{"name":"(anonymous_3)","decl":{"start":{"line":20,"column":2},"end":{"line":20,"column":3}},"loc":{"start":{"line":20,"column":11},"end":{"line":27,"column":3}},"line":20},"4":{"name":"(anonymous_4)","decl":{"start":{"line":31,"column":2},"end":{"line":31,"column":3}},"loc":{"start":{"line":31,"column":19},"end":{"line":35,"column":3}},"line":31}},"branchMap":{"0":{"loc":{"start":{"line":3,"column":15},"end":{"line":3,"column":26}},"type":"binary-expr","locations":[{"start":{"line":3,"column":15},"end":{"line":3,"column":18}},{"start":{"line":3,"column":22},"end":{"line":3,"column":26}}],"line":3}},"s":{"0":0,"1":0,"2":0,"3":0,"4":0,"5":0,"6":0,"7":0,"8":0,"9":0,"10":0,"11":0,"12":0,"13":0},"f":{"0":0,"1":0,"2":0,"3":0,"4":0},"b":{"0":[0,0]},"_coverageSchema":"43e27e138ebf9cfc5966b082cf9a028302ed4184","hash":"a412f0758b3f995615771b0ae9f3226d053db612"}
}
