TN:
SF:/Users/steveninouye/Projects/algorithms-data-structures/algorithms/jump_game/jump_game.js
FN:22,(anonymous_0)
FNF:1
FNH:1
FNDA:3,(anonymous_0)
DA:22,1
DA:23,3
DA:25,3
DA:26,11
DA:27,10
DA:30,2
DA:33,1
LF:7
LH:7
BRDA:26,0,0,1
BRDA:26,0,1,10
BRF:2
BRH:2
end_of_record
TN:
SF:/Users/steveninouye/Projects/algorithms-data-structures/algorithms/maximum_subarray/maximum_subarray.js
FN:15,(anonymous_0)
FNF:1
FNH:1
FNDA:3,(anonymous_0)
DA:15,1
DA:16,3
DA:17,3
DA:18,3
DA:19,12
DA:20,12
DA:21,12
DA:23,3
DA:26,1
LF:9
LH:9
BRDA:20,0,0,5
BRDA:20,0,1,7
BRDA:21,1,0,4
BRDA:21,1,1,8
BRF:4
BRH:4
end_of_record
TN:
SF:/Users/steveninouye/Projects/algorithms-data-structures/algorithms/median_of_two_sorted_arrays/median_of_two_sorted_arrays.js
FN:23,(anonymous_0)
FN:86,(anonymous_1)
FN:88,(anonymous_2)
FNF:3
FNH:3
FNDA:9,(anonymous_0)
FNDA:3,(anonymous_1)
FNDA:3,(anonymous_2)
DA:23,1
DA:24,9
DA:25,9
DA:26,9
DA:28,9
DA:29,9
DA:30,0
DA:31,0
DA:32,0
DA:33,0
DA:35,0
DA:37,9
DA:38,7
DA:39,7
DA:40,4
DA:42,7
DA:43,3
DA:44,4
DA:45,0
DA:46,4
DA:47,1
DA:49,3
DA:52,2
DA:53,2
DA:54,2
DA:55,2
DA:56,2
DA:60,2
DA:64,2
DA:65,1
DA:66,1
DA:68,0
DA:70,1
DA:71,1
DA:72,1
DA:73,1
DA:78,2
DA:79,0
DA:81,2
DA:86,3
DA:88,1
DA:89,3
DA:91,1
LF:43
LH:35
BRDA:28,0,0,3
BRDA:28,0,1,6
BRDA:29,1,0,0
BRDA:29,1,1,9
BRDA:29,2,0,9
BRDA:29,2,1,9
BRDA:32,3,0,0
BRDA:32,3,1,0
BRDA:37,4,0,7
BRDA:37,4,1,2
BRDA:37,5,0,9
BRDA:37,5,1,5
BRDA:39,6,0,4
BRDA:39,6,1,3
BRDA:42,7,0,3
BRDA:42,7,1,4
BRDA:44,8,0,0
BRDA:44,8,1,4
BRDA:46,9,0,1
BRDA:46,9,1,3
BRDA:57,10,0,2
BRDA:57,10,1,0
BRDA:58,11,0,2
BRDA:58,11,1,0
BRDA:61,12,0,2
BRDA:61,12,1,1
BRDA:62,13,0,2
BRDA:62,13,1,0
BRDA:65,14,0,1
BRDA:65,14,1,0
BRDA:72,15,0,1
BRDA:72,15,1,0
BRDA:72,16,0,1
BRDA:72,16,1,0
BRDA:74,17,0,1
BRDA:74,17,1,0
BRDA:75,18,0,1
BRDA:75,18,1,0
BRDA:78,19,0,0
BRDA:78,19,1,2
BRF:40
BRH:27
end_of_record
TN:
SF:/Users/steveninouye/Projects/algorithms-data-structures/algorithms/merge_k_sorted_lists/merge_k_sorted_lists.js
FN:2,(anonymous_0)
FN:9,(anonymous_1)
FN:13,(anonymous_2)
FN:19,(anonymous_3)
FN:31,(anonymous_4)
FN:51,(anonymous_5)
FN:56,(anonymous_6)
FN:59,(anonymous_7)
FN:65,(anonymous_8)
FNF:9
FNH:3
FNDA:24,(anonymous_0)
FNDA:8,(anonymous_1)
FNDA:0,(anonymous_2)
FNDA:0,(anonymous_3)
FNDA:0,(anonymous_4)
FNDA:0,(anonymous_5)
FNDA:0,(anonymous_6)
FNDA:0,(anonymous_7)
FNDA:1,(anonymous_8)
DA:3,24
DA:4,24
DA:10,8
DA:14,0
DA:15,0
DA:16,0
DA:17,0
DA:18,0
DA:19,0
DA:20,0
DA:22,0
DA:23,0
DA:24,0
DA:28,0
DA:32,0
DA:33,0
DA:34,0
DA:35,0
DA:36,0
DA:37,0
DA:38,0
DA:39,0
DA:40,0
DA:41,0
DA:42,0
DA:43,0
DA:45,0
DA:48,0
DA:52,0
DA:53,0
DA:54,0
DA:55,0
DA:56,0
DA:60,0
DA:61,0
DA:65,1
DA:66,1
DA:67,1
DA:68,1
DA:69,1
DA:70,7
DA:71,7
DA:73,1
DA:76,1
LF:44
LH:12
BRDA:22,0,0,0
BRDA:22,0,1,0
BRDA:24,1,0,0
BRDA:24,1,1,0
BRDA:38,2,0,0
BRDA:38,2,1,0
BRDA:53,3,0,0
BRDA:53,3,1,0
BRDA:55,4,0,0
BRDA:55,4,1,0
BRDA:60,5,0,0
BRDA:60,5,1,0
BRF:12
BRH:0
end_of_record
TN:
SF:/Users/steveninouye/Projects/algorithms-data-structures/algorithms/spiral_matrix/spiral_matrix.js
FN:24,(anonymous_0)
FNF:1
FNH:1
FNDA:2,(anonymous_0)
DA:24,1
DA:25,2
DA:26,2
DA:27,2
DA:28,2
DA:29,2
DA:30,2
DA:31,2
DA:32,4
DA:33,10
DA:35,4
DA:37,4
DA:38,4
DA:40,4
DA:42,4
DA:43,2
DA:44,5
DA:47,4
DA:49,4
DA:50,3
DA:51,2
DA:54,4
DA:56,2
DA:59,1
LF:24
LH:24
BRDA:25,0,0,0
BRDA:25,0,1,2
BRDA:31,1,0,6
BRDA:31,1,1,4
BRDA:42,2,0,2
BRDA:42,2,1,2
BRDA:49,3,0,3
BRDA:49,3,1,1
BRF:8
BRH:7
end_of_record
TN:
SF:/Users/steveninouye/Projects/algorithms-data-structures/algorithms/validate_binary_search_tree/validate_binary_search_tree.js
FN:1,(anonymous_0)
FN:5,(anonymous_1)
FNF:2
FNH:0
FNDA:0,(anonymous_0)
FNDA:0,(anonymous_1)
DA:1,1
DA:2,0
DA:5,1
DA:6,0
DA:7,0
DA:10,0
DA:11,0
DA:14,0
DA:20,1
LF:9
LH:3
BRDA:6,0,0,0
BRDA:6,0,1,0
BRDA:10,1,0,0
BRDA:10,1,1,0
BRDA:10,2,0,0
BRDA:10,2,1,0
BRDA:15,3,0,0
BRDA:15,3,1,0
BRF:8
BRH:0
end_of_record
TN:
SF:/Users/steveninouye/Projects/algorithms-data-structures/data_structures/nodes/nodes.js
FN:2,(anonymous_0)
FN:8,(anonymous_1)
FN:15,(anonymous_2)
FN:20,(anonymous_3)
FN:31,(anonymous_4)
FNF:5
FNH:0
FNDA:0,(anonymous_0)
FNDA:0,(anonymous_1)
FNDA:0,(anonymous_2)
FNDA:0,(anonymous_3)
FNDA:0,(anonymous_4)
DA:3,0
DA:9,0
DA:10,0
DA:16,0
DA:17,0
DA:21,0
DA:22,0
DA:23,0
DA:24,0
DA:25,0
DA:26,0
DA:32,0
DA:33,0
DA:34,0
LF:14
LH:0
BRDA:3,0,0,0
BRDA:3,0,1,0
BRF:2
BRH:0
end_of_record
